/home/amal/my_ws/src/wormholemaps/install/wormholemaps/lib/python3.10/site-packages/wormholemaps/computepose.py
/home/amal/my_ws/src/wormholemaps/install/wormholemaps/lib/python3.10/site-packages/wormholemaps/__init__.py
/home/amal/my_ws/src/wormholemaps/install/wormholemaps/lib/python3.10/site-packages/wormholemaps/__pycache__/computepose.cpython-310.pyc
/home/amal/my_ws/src/wormholemaps/install/wormholemaps/lib/python3.10/site-packages/wormholemaps/__pycache__/__init__.cpython-310.pyc
/home/amal/my_ws/src/wormholemaps/install/wormholemaps/share/ament_index/resource_index/packages/wormholemaps
/home/amal/my_ws/src/wormholemaps/install/wormholemaps/share/wormholemaps/package.xml
/home/amal/my_ws/src/wormholemaps/install/wormholemaps/share/wormholemaps/config/localisation.yaml
/home/amal/my_ws/src/wormholemaps/install/wormholemaps/share/wormholemaps/config/slam_toolbox.yaml
/home/amal/my_ws/src/wormholemaps/install/wormholemaps/share/wormholemaps/launch/gazeborobot.launch.py
/home/amal/my_ws/src/wormholemaps/install/wormholemaps/share/wormholemaps/launch/wormholemaphandler.launch.py
/home/amal/my_ws/src/wormholemaps/install/wormholemaps/share/wormholemaps/launch/computepose.launch.py
/home/amal/my_ws/src/wormholemaps/install/wormholemaps/share/wormholemaps/launch/nav2localisation.launch.py
/home/amal/my_ws/src/wormholemaps/install/wormholemaps/share/wormholemaps/map/junimap.pgm
/home/amal/my_ws/src/wormholemaps/install/wormholemaps/share/wormholemaps/map/junimap.yaml
/home/amal/my_ws/src/wormholemaps/install/wormholemaps/share/wormholemaps/rviz
/home/amal/my_ws/src/wormholemaps/install/wormholemaps/share/wormholemaps/urdf/finalrobo.urdf
/home/amal/my_ws/src/wormholemaps/install/wormholemaps/share/wormholemaps/urdf/caster_wheel.urdf.xacro
/home/amal/my_ws/src/wormholemaps/install/wormholemaps/share/wormholemaps/urdf/derren.urdf.xacro
/home/amal/my_ws/src/wormholemaps/install/wormholemaps/share/wormholemaps/worlds/myhouse.world
/home/amal/my_ws/src/wormholemaps/install/wormholemaps/lib/python3.10/site-packages/wormholemaps-0.0.0-py3.10.egg-info/top_level.txt
/home/amal/my_ws/src/wormholemaps/install/wormholemaps/lib/python3.10/site-packages/wormholemaps-0.0.0-py3.10.egg-info/dependency_links.txt
/home/amal/my_ws/src/wormholemaps/install/wormholemaps/lib/python3.10/site-packages/wormholemaps-0.0.0-py3.10.egg-info/zip-safe
/home/amal/my_ws/src/wormholemaps/install/wormholemaps/lib/python3.10/site-packages/wormholemaps-0.0.0-py3.10.egg-info/SOURCES.txt
/home/amal/my_ws/src/wormholemaps/install/wormholemaps/lib/python3.10/site-packages/wormholemaps-0.0.0-py3.10.egg-info/entry_points.txt
/home/amal/my_ws/src/wormholemaps/install/wormholemaps/lib/python3.10/site-packages/wormholemaps-0.0.0-py3.10.egg-info/PKG-INFO
/home/amal/my_ws/src/wormholemaps/install/wormholemaps/lib/python3.10/site-packages/wormholemaps-0.0.0-py3.10.egg-info/requires.txt
/home/amal/my_ws/src/wormholemaps/install/wormholemaps/lib/wormholemaps/compute_pose
