[0.104s] DEBUG:colcon:Command line arguments: ['/usr/bin/colcon', 'build']
[0.104s] DEBUG:colcon:Parsed command line arguments: Namespace(log_base=None, log_level=None, verb_name='build', build_base='build', install_base='install', merge_install=False, symlink_install=False, test_result_base=None, continue_on_error=False, executor='parallel', parallel_workers=12, event_handlers=None, ignore_user_meta=False, metas=['./colcon.meta'], base_paths=['.'], packages_ignore=None, packages_ignore_regex=None, paths=None, packages_up_to=None, packages_up_to_regex=None, packages_above=None, packages_above_and_dependencies=None, packages_above_depth=None, packages_select_by_dep=None, packages_skip_by_dep=None, packages_skip_up_to=None, packages_select_build_failed=False, packages_skip_build_finished=False, packages_select_test_failures=False, packages_skip_test_passed=False, packages_select=None, packages_skip=None, packages_select_regex=None, packages_skip_regex=None, packages_start=None, packages_end=None, allow_overriding=[], cmake_args=None, cmake_target=None, cmake_target_skip_unavailable=False, cmake_clean_cache=False, cmake_clean_first=False, cmake_force_configure=False, ament_cmake_args=None, catkin_cmake_args=None, catkin_skip_building_tests=False, mixin_files=None, mixin=None, verb_parser=<colcon_mixin.mixin.mixin_argument.MixinArgumentDecorator object at 0x7031c3d63b80>, verb_extension=<colcon_core.verb.build.BuildVerb object at 0x7031c3d62f20>, main=<bound method BuildVerb.main of <colcon_core.verb.build.BuildVerb object at 0x7031c3d62f20>>, mixin_verb=('build',))
[0.251s] Level 1:colcon.colcon_core.package_discovery:discover_packages(colcon_meta) check parameters
[0.251s] Level 1:colcon.colcon_core.package_discovery:discover_packages(recursive) check parameters
[0.251s] Level 1:colcon.colcon_core.package_discovery:discover_packages(ignore) check parameters
[0.251s] Level 1:colcon.colcon_core.package_discovery:discover_packages(path) check parameters
[0.251s] Level 1:colcon.colcon_core.package_discovery:discover_packages(colcon_meta) discover
[0.252s] Level 1:colcon.colcon_core.package_discovery:discover_packages(recursive) discover
[0.252s] INFO:colcon.colcon_core.package_discovery:Crawling recursively for packages in '/home/amal/my_ws/src/wormholemaps'
[0.252s] Level 1:colcon.colcon_core.package_identification:_identify(.) by extensions ['ignore', 'ignore_ament_install']
[0.252s] Level 1:colcon.colcon_core.package_identification:_identify(.) by extension 'ignore'
[0.252s] Level 1:colcon.colcon_core.package_identification:_identify(.) by extension 'ignore_ament_install'
[0.252s] Level 1:colcon.colcon_core.package_identification:_identify(.) by extensions ['colcon_pkg']
[0.252s] Level 1:colcon.colcon_core.package_identification:_identify(.) by extension 'colcon_pkg'
[0.252s] Level 1:colcon.colcon_core.package_identification:_identify(.) by extensions ['colcon_meta']
[0.252s] Level 1:colcon.colcon_core.package_identification:_identify(.) by extension 'colcon_meta'
[0.252s] Level 1:colcon.colcon_core.package_identification:_identify(.) by extensions ['ros']
[0.252s] Level 1:colcon.colcon_core.package_identification:_identify(.) by extension 'ros'
[0.263s] DEBUG:colcon.colcon_core.package_identification:Package '.' with type 'ros.ament_python' and name 'wormholemaps'
[0.263s] Level 1:colcon.colcon_core.package_discovery:discover_packages(recursive) using defaults
[0.263s] Level 1:colcon.colcon_core.package_discovery:discover_packages(ignore) discover
[0.263s] Level 1:colcon.colcon_core.package_discovery:discover_packages(ignore) using defaults
[0.263s] Level 1:colcon.colcon_core.package_discovery:discover_packages(path) discover
[0.263s] Level 1:colcon.colcon_core.package_discovery:discover_packages(path) using defaults
[0.292s] Level 1:colcon.colcon_core.package_discovery:discover_packages(prefix_path) check parameters
[0.292s] Level 1:colcon.colcon_core.package_discovery:discover_packages(prefix_path) discover
[0.294s] DEBUG:colcon.colcon_installed_package_information.package_discovery:Found 17 installed packages in /home/amal/ros2_ws/install
[0.296s] DEBUG:colcon.colcon_installed_package_information.package_discovery:Found 368 installed packages in /opt/ros/humble
[0.297s] Level 1:colcon.colcon_core.package_discovery:discover_packages(prefix_path) using defaults
[0.337s] Level 5:colcon.colcon_core.verb:set package 'wormholemaps' build argument 'cmake_args' from command line to 'None'
[0.337s] Level 5:colcon.colcon_core.verb:set package 'wormholemaps' build argument 'cmake_target' from command line to 'None'
[0.337s] Level 5:colcon.colcon_core.verb:set package 'wormholemaps' build argument 'cmake_target_skip_unavailable' from command line to 'False'
[0.337s] Level 5:colcon.colcon_core.verb:set package 'wormholemaps' build argument 'cmake_clean_cache' from command line to 'False'
[0.337s] Level 5:colcon.colcon_core.verb:set package 'wormholemaps' build argument 'cmake_clean_first' from command line to 'False'
[0.337s] Level 5:colcon.colcon_core.verb:set package 'wormholemaps' build argument 'cmake_force_configure' from command line to 'False'
[0.337s] Level 5:colcon.colcon_core.verb:set package 'wormholemaps' build argument 'ament_cmake_args' from command line to 'None'
[0.337s] Level 5:colcon.colcon_core.verb:set package 'wormholemaps' build argument 'catkin_cmake_args' from command line to 'None'
[0.337s] Level 5:colcon.colcon_core.verb:set package 'wormholemaps' build argument 'catkin_skip_building_tests' from command line to 'False'
[0.337s] DEBUG:colcon.colcon_core.verb:Building package 'wormholemaps' with the following arguments: {'ament_cmake_args': None, 'build_base': '/home/amal/my_ws/src/wormholemaps/build/wormholemaps', 'catkin_cmake_args': None, 'catkin_skip_building_tests': False, 'cmake_args': None, 'cmake_clean_cache': False, 'cmake_clean_first': False, 'cmake_force_configure': False, 'cmake_target': None, 'cmake_target_skip_unavailable': False, 'install_base': '/home/amal/my_ws/src/wormholemaps/install/wormholemaps', 'merge_install': False, 'path': '/home/amal/my_ws/src/wormholemaps', 'symlink_install': False, 'test_result_base': None}
[0.337s] INFO:colcon.colcon_core.executor:Executing jobs using 'parallel' executor
[0.338s] DEBUG:colcon.colcon_parallel_executor.executor.parallel:run_until_complete
[0.338s] INFO:colcon.colcon_ros.task.ament_python.build:Building ROS package in '/home/amal/my_ws/src/wormholemaps' with build type 'ament_python'
[0.339s] Level 1:colcon.colcon_core.shell:create_environment_hook('wormholemaps', 'ament_prefix_path')
[0.341s] INFO:colcon.colcon_core.plugin_system:Skipping extension 'colcon_core.shell.bat': Not used on non-Windows systems
[0.341s] INFO:colcon.colcon_core.shell:Creating environment hook '/home/amal/my_ws/src/wormholemaps/install/wormholemaps/share/wormholemaps/hook/ament_prefix_path.ps1'
[0.342s] INFO:colcon.colcon_core.shell:Creating environment descriptor '/home/amal/my_ws/src/wormholemaps/install/wormholemaps/share/wormholemaps/hook/ament_prefix_path.dsv'
[0.342s] INFO:colcon.colcon_core.shell:Creating environment hook '/home/amal/my_ws/src/wormholemaps/install/wormholemaps/share/wormholemaps/hook/ament_prefix_path.sh'
[0.342s] INFO:colcon.colcon_core.shell:Skip shell extension 'powershell' for command environment: Not usable outside of PowerShell
[0.342s] DEBUG:colcon.colcon_core.shell:Skip shell extension 'dsv' for command environment
[0.592s] INFO:colcon.colcon_core.task.python.build:Building Python package in '/home/amal/my_ws/src/wormholemaps'
[0.593s] INFO:colcon.colcon_core.shell:Skip shell extension 'powershell' for command environment: Not usable outside of PowerShell
[0.593s] DEBUG:colcon.colcon_core.shell:Skip shell extension 'dsv' for command environment
[0.930s] DEBUG:colcon.colcon_core.event_handler.log_command:Invoking command in '/home/amal/my_ws/src/wormholemaps': PYTHONPATH=/home/amal/my_ws/src/wormholemaps/build/wormholemaps/prefix_override:/usr/lib/python3/dist-packages/colcon_core/task/python/colcon_distutils_commands:/home/amal/my_ws/src/wormholemaps/install/wormholemaps/lib/python3.10/site-packages:${PYTHONPATH} /usr/bin/python3 -W ignore:setup.py install is deprecated -W ignore:easy_install command is deprecated setup.py egg_info --egg-base build/wormholemaps build --build-base /home/amal/my_ws/src/wormholemaps/build/wormholemaps/build install --record /home/amal/my_ws/src/wormholemaps/build/wormholemaps/install.log --single-version-externally-managed install_data
[1.206s] DEBUG:colcon.colcon_core.event_handler.log_command:Invoked command in '/home/amal/my_ws/src/wormholemaps' returned '0': PYTHONPATH=/home/amal/my_ws/src/wormholemaps/build/wormholemaps/prefix_override:/usr/lib/python3/dist-packages/colcon_core/task/python/colcon_distutils_commands:/home/amal/my_ws/src/wormholemaps/install/wormholemaps/lib/python3.10/site-packages:${PYTHONPATH} /usr/bin/python3 -W ignore:setup.py install is deprecated -W ignore:easy_install command is deprecated setup.py egg_info --egg-base build/wormholemaps build --build-base /home/amal/my_ws/src/wormholemaps/build/wormholemaps/build install --record /home/amal/my_ws/src/wormholemaps/build/wormholemaps/install.log --single-version-externally-managed install_data
[1.210s] Level 1:colcon.colcon_core.environment:checking '/home/amal/my_ws/src/wormholemaps/install/wormholemaps' for CMake module files
[1.211s] Level 1:colcon.colcon_core.environment:checking '/home/amal/my_ws/src/wormholemaps/install/wormholemaps' for CMake config files
[1.213s] Level 1:colcon.colcon_core.environment:checking '/home/amal/my_ws/src/wormholemaps/install/wormholemaps/lib'
[1.213s] Level 1:colcon.colcon_core.environment:checking '/home/amal/my_ws/src/wormholemaps/install/wormholemaps/bin'
[1.213s] Level 1:colcon.colcon_core.environment:checking '/home/amal/my_ws/src/wormholemaps/install/wormholemaps/lib/pkgconfig/wormholemaps.pc'
[1.214s] Level 1:colcon.colcon_core.environment:checking '/home/amal/my_ws/src/wormholemaps/install/wormholemaps/lib/python3.10/site-packages'
[1.214s] Level 1:colcon.colcon_core.shell:create_environment_hook('wormholemaps', 'pythonpath')
[1.214s] INFO:colcon.colcon_core.shell:Creating environment hook '/home/amal/my_ws/src/wormholemaps/install/wormholemaps/share/wormholemaps/hook/pythonpath.ps1'
[1.215s] INFO:colcon.colcon_core.shell:Creating environment descriptor '/home/amal/my_ws/src/wormholemaps/install/wormholemaps/share/wormholemaps/hook/pythonpath.dsv'
[1.216s] INFO:colcon.colcon_core.shell:Creating environment hook '/home/amal/my_ws/src/wormholemaps/install/wormholemaps/share/wormholemaps/hook/pythonpath.sh'
[1.217s] Level 1:colcon.colcon_core.environment:checking '/home/amal/my_ws/src/wormholemaps/install/wormholemaps/bin'
[1.217s] Level 1:colcon.colcon_core.environment:create_environment_scripts_only(wormholemaps)
[1.218s] INFO:colcon.colcon_core.shell:Creating package script '/home/amal/my_ws/src/wormholemaps/install/wormholemaps/share/wormholemaps/package.ps1'
[1.219s] INFO:colcon.colcon_core.shell:Creating package descriptor '/home/amal/my_ws/src/wormholemaps/install/wormholemaps/share/wormholemaps/package.dsv'
[1.220s] INFO:colcon.colcon_core.shell:Creating package script '/home/amal/my_ws/src/wormholemaps/install/wormholemaps/share/wormholemaps/package.sh'
[1.222s] INFO:colcon.colcon_core.shell:Creating package script '/home/amal/my_ws/src/wormholemaps/install/wormholemaps/share/wormholemaps/package.bash'
[1.223s] INFO:colcon.colcon_core.shell:Creating package script '/home/amal/my_ws/src/wormholemaps/install/wormholemaps/share/wormholemaps/package.zsh'
[1.225s] Level 1:colcon.colcon_core.environment:create_file_with_runtime_dependencies(/home/amal/my_ws/src/wormholemaps/install/wormholemaps/share/colcon-core/packages/wormholemaps)
[1.225s] DEBUG:colcon.colcon_parallel_executor.executor.parallel:closing loop
[1.226s] DEBUG:colcon.colcon_parallel_executor.executor.parallel:loop closed
[1.226s] DEBUG:colcon.colcon_parallel_executor.executor.parallel:run_until_complete finished with '0'
[1.226s] DEBUG:colcon.colcon_core.event_reactor:joining thread
[1.239s] INFO:colcon.colcon_core.plugin_system:Skipping extension 'colcon_notification.desktop_notification.terminal_notifier': Not used on non-Darwin systems
[1.239s] INFO:colcon.colcon_core.plugin_system:Skipping extension 'colcon_notification.desktop_notification.win32': Not used on non-Windows systems
[1.239s] INFO:colcon.colcon_notification.desktop_notification:Sending desktop notification using 'notify2'
[1.263s] DEBUG:colcon.colcon_core.event_reactor:joined thread
[1.264s] INFO:colcon.colcon_core.shell:Creating prefix script '/home/amal/my_ws/src/wormholemaps/install/local_setup.ps1'
[1.266s] INFO:colcon.colcon_core.shell:Creating prefix util module '/home/amal/my_ws/src/wormholemaps/install/_local_setup_util_ps1.py'
[1.271s] INFO:colcon.colcon_core.shell:Creating prefix chain script '/home/amal/my_ws/src/wormholemaps/install/setup.ps1'
[1.277s] INFO:colcon.colcon_core.shell:Creating prefix script '/home/amal/my_ws/src/wormholemaps/install/local_setup.sh'
[1.279s] INFO:colcon.colcon_core.shell:Creating prefix util module '/home/amal/my_ws/src/wormholemaps/install/_local_setup_util_sh.py'
[1.281s] INFO:colcon.colcon_core.shell:Creating prefix chain script '/home/amal/my_ws/src/wormholemaps/install/setup.sh'
[1.288s] INFO:colcon.colcon_core.shell:Creating prefix script '/home/amal/my_ws/src/wormholemaps/install/local_setup.bash'
[1.290s] INFO:colcon.colcon_core.shell:Creating prefix chain script '/home/amal/my_ws/src/wormholemaps/install/setup.bash'
[1.294s] INFO:colcon.colcon_core.shell:Creating prefix script '/home/amal/my_ws/src/wormholemaps/install/local_setup.zsh'
[1.294s] INFO:colcon.colcon_core.shell:Creating prefix chain script '/home/amal/my_ws/src/wormholemaps/install/setup.zsh'
